<?xml version="1.0" encoding="UTF-8"?>
<!-- Generated by org.testng.reporters.JUnitReportReporter -->
<testsuite hostname="DESKTOP-4OS8EDF" failures="0" tests="1" name="com.actitime.testscript.CustomerModule" time="20.381" errors="0" timestamp="2023-07-27T19:35:59 IST" skipped="0">
  <testcase classname="com.actitime.testscript.CustomerModule" name="testcreatecustomer" time="20.381">
    <system-out>
      <![CDATA[createcustomer]]>
    </system-out>
  </testcase> <!-- testcreatecustomer -->
  <system-out>
    <![CDATA[openbrowser
login
createcustomer
logout
closebrowser]]>
  </system-out>
</testsuite> <!-- com.actitime.testscript.CustomerModule -->
